<?xml version="1.0" encoding="utf-8"?><testsuites name="pytest tests"><testsuite name="pytest" errors="0" failures="0" skipped="0" tests="8" time="1.298" timestamp="2026-06-15T15:42:25.571685+00:00" hostname="agent-env-a79abb03-d51b-42e6-b1f3-f202727bf03d"><testcase classname="backend.tests.test_contact_api.TestHealth" name="test_root_health" time="0.258" /><testcase classname="backend.tests.test_contact_api.TestContact" name="test_create_contact_valid" time="0.047" /><testcase classname="backend.tests.test_contact_api.TestContact" name="test_create_contact_no_company" time="0.049" /><testcase classname="backend.tests.test_contact_api.TestContact" name="test_create_contact_missing_name_returns_422" time="0.048" /><testcase classname="backend.tests.test_contact_api.TestContact" name="test_create_contact_missing_phone_returns_422" time="0.046" /><testcase classname="backend.tests.test_contact_api.TestContact" name="test_create_contact_short_message_returns_422" time="0.042" /><testcase classname="backend.tests.test_contact_api.TestContact" name="test_create_contact_missing_required_field_returns_422" time="0.040" /><testcase classname="backend.tests.test_contact_api.TestContact" name="test_list_contacts_includes_created" time="0.546" /></testsuite></testsuites>